[2020-10-19 19:35:13] DEBUG org.springframework.test.context.junit4.SpringJUnit4ClassRunner 139 <init> - SpringJUnit4ClassRunner constructor called with [class com.service.impl.testSpring]
[2020-10-19 19:35:13] DEBUG org.springframework.test.context.BootstrapUtils 96 createCacheAwareContextLoaderDelegate - Instantiating CacheAwareContextLoaderDelegate from class [org.springframework.test.context.cache.DefaultCacheAwareContextLoaderDelegate]
[2020-10-19 19:35:13] DEBUG org.springframework.test.context.BootstrapUtils 79 createBootstrapContext - Instantiating BootstrapContext using constructor [public org.springframework.test.context.support.DefaultBootstrapContext(java.lang.Class,org.springframework.test.context.CacheAwareContextLoaderDelegate)]
[2020-10-19 19:35:13] DEBUG org.springframework.test.context.BootstrapUtils 132 resolveTestContextBootstrapper - Instantiating TestContextBootstrapper for test class [com.service.impl.testSpring] from class [org.springframework.test.context.support.DefaultTestContextBootstrapper]
[2020-10-19 19:35:13] DEBUG org.springframework.test.context.support.AbstractDelegatingSmartContextLoader 263 delegateProcessing - Delegating to GenericXmlContextLoader to process context configuration [ContextConfigurationAttributes@6379eb declaringClass = 'com.service.impl.testSpring', classes = '{}', locations = '{classpath:spring.xml}', inheritLocations = true, initializers = '{}', inheritInitializers = true, name = [null], contextLoaderClass = 'org.springframework.test.context.ContextLoader'].
[2020-10-19 19:35:13] DEBUG org.springframework.test.context.support.ActiveProfilesUtils 79 resolveActiveProfiles - Could not find an 'annotation declaring class' for annotation type [org.springframework.test.context.ActiveProfiles] and class [com.service.impl.testSpring]
[2020-10-19 19:35:13] DEBUG org.springframework.test.context.support.AbstractTestContextBootstrapper 125 getTestExecutionListeners - @TestExecutionListeners is not present for class [com.service.impl.testSpring]: using defaults.
[2020-10-19 19:35:13] DEBUG org.springframework.test.context.support.AbstractTestContextBootstrapper 192 instantiateListeners - Skipping candidate TestExecutionListener [org.springframework.test.context.web.ServletTestExecutionListener] due to a missing dependency. Specify custom listener classes or make the default listener classes and their required dependencies available. Offending class: [javax/servlet/ServletContext]
[2020-10-19 19:35:13] DEBUG org.springframework.test.annotation.ProfileValueUtils 70 retrieveProfileValueSource - Retrieved @ProfileValueSourceConfiguration [null] for test class [com.service.impl.testSpring]
[2020-10-19 19:35:13] DEBUG org.springframework.test.annotation.ProfileValueUtils 83 retrieveProfileValueSource - Retrieved ProfileValueSource type [class org.springframework.test.annotation.SystemProfileValueSource] for class [com.service.impl.testSpring]
[2020-10-19 19:35:13] DEBUG org.springframework.test.annotation.ProfileValueUtils 70 retrieveProfileValueSource - Retrieved @ProfileValueSourceConfiguration [null] for test class [com.service.impl.testSpring]
[2020-10-19 19:35:13] DEBUG org.springframework.test.annotation.ProfileValueUtils 83 retrieveProfileValueSource - Retrieved ProfileValueSource type [class org.springframework.test.annotation.SystemProfileValueSource] for class [com.service.impl.testSpring]
[2020-10-19 19:35:13] DEBUG org.springframework.test.annotation.ProfileValueUtils 70 retrieveProfileValueSource - Retrieved @ProfileValueSourceConfiguration [null] for test class [com.service.impl.testSpring]
[2020-10-19 19:35:13] DEBUG org.springframework.test.annotation.ProfileValueUtils 83 retrieveProfileValueSource - Retrieved ProfileValueSource type [class org.springframework.test.annotation.SystemProfileValueSource] for class [com.service.impl.testSpring]
[2020-10-19 19:35:13] DEBUG org.springframework.test.annotation.ProfileValueUtils 70 retrieveProfileValueSource - Retrieved @ProfileValueSourceConfiguration [null] for test class [com.service.impl.testSpring]
[2020-10-19 19:35:13] DEBUG org.springframework.test.annotation.ProfileValueUtils 83 retrieveProfileValueSource - Retrieved ProfileValueSource type [class org.springframework.test.annotation.SystemProfileValueSource] for class [com.service.impl.testSpring]
[2020-10-19 19:35:13] DEBUG org.springframework.test.context.support.AbstractDirtiesContextTestExecutionListener 142 beforeOrAfterTestClass - Before test class: context [DefaultTestContext@5bda8e08 testClass = testSpring, testInstance = [null], testMethod = [null], testException = [null], mergedContextConfiguration = [MergedContextConfiguration@1e800aaa testClass = testSpring, locations = '{classpath:spring.xml}', classes = '{}', contextInitializerClasses = '[]', activeProfiles = '{}', propertySourceLocations = '{}', propertySourceProperties = '{}', contextCustomizers = set[[empty]], contextLoader = 'org.springframework.test.context.support.DelegatingSmartContextLoader', parent = [null]], attributes = map[[empty]]], class annotated with @DirtiesContext [false] with mode [null].
[2020-10-19 19:35:13] DEBUG org.springframework.test.annotation.ProfileValueUtils 70 retrieveProfileValueSource - Retrieved @ProfileValueSourceConfiguration [null] for test class [com.service.impl.testSpring]
[2020-10-19 19:35:13] DEBUG org.springframework.test.annotation.ProfileValueUtils 83 retrieveProfileValueSource - Retrieved ProfileValueSource type [class org.springframework.test.annotation.SystemProfileValueSource] for class [com.service.impl.testSpring]
[2020-10-19 19:35:13] DEBUG org.springframework.test.context.support.DependencyInjectionTestExecutionListener 81 prepareTestInstance - Performing dependency injection for test context [[DefaultTestContext@5bda8e08 testClass = testSpring, testInstance = com.service.impl.testSpring@198b6731, testMethod = [null], testException = [null], mergedContextConfiguration = [MergedContextConfiguration@1e800aaa testClass = testSpring, locations = '{classpath:spring.xml}', classes = '{}', contextInitializerClasses = '[]', activeProfiles = '{}', propertySourceLocations = '{}', propertySourceProperties = '{}', contextCustomizers = set[[empty]], contextLoader = 'org.springframework.test.context.support.DelegatingSmartContextLoader', parent = [null]], attributes = map[[empty]]]].
[2020-10-19 19:35:13] DEBUG org.springframework.test.context.support.AbstractDelegatingSmartContextLoader 273 delegateLoading - Delegating to GenericXmlContextLoader to load context from [MergedContextConfiguration@1e800aaa testClass = testSpring, locations = '{classpath:spring.xml}', classes = '{}', contextInitializerClasses = '[]', activeProfiles = '{}', propertySourceLocations = '{}', propertySourceProperties = '{}', contextCustomizers = set[[empty]], contextLoader = 'org.springframework.test.context.support.DelegatingSmartContextLoader', parent = [null]].
[2020-10-19 19:35:13] DEBUG org.springframework.test.context.support.AbstractGenericContextLoader 107 loadContext - Loading ApplicationContext for merged context configuration [[MergedContextConfiguration@1e800aaa testClass = testSpring, locations = '{classpath:spring.xml}', classes = '{}', contextInitializerClasses = '[]', activeProfiles = '{}', propertySourceLocations = '{}', propertySourceProperties = '{}', contextCustomizers = set[[empty]], contextLoader = 'org.springframework.test.context.support.DelegatingSmartContextLoader', parent = [null]]].
[2020-10-19 19:35:13] DEBUG org.springframework.core.env.AbstractEnvironment 252 setActiveProfiles - Activating profiles []
[2020-10-19 19:35:16] DEBUG org.springframework.context.annotation.ClassPathScanningCandidateComponentProvider 441 scanCandidateComponents - Ignored because not a concrete top-level class: file [E:\mavenProject\SSM\target\classes\com\dao\UserMapper.class]
[2020-10-19 19:35:16] DEBUG org.springframework.context.annotation.ClassPathScanningCandidateComponentProvider 435 scanCandidateComponents - Identified candidate component class: file [E:\mavenProject\SSM\target\classes\com\service\impl\UserServiceImpl.class]
[2020-10-19 19:35:17] DEBUG org.springframework.beans.factory.xml.XmlBeanDefinitionReader 393 doLoadBeanDefinitions - Loaded 11 bean definitions from class path resource [spring.xml]
[2020-10-19 19:35:17] DEBUG org.springframework.context.support.AbstractApplicationContext 596 prepareRefresh - Refreshing org.springframework.context.support.GenericApplicationContext@23348b5d
[2020-10-19 19:35:17] DEBUG org.springframework.beans.factory.support.DefaultSingletonBeanRegistry 225 getSingleton - Creating shared instance of singleton bean 'org.springframework.context.annotation.internalConfigurationAnnotationProcessor'
[2020-10-19 19:35:17] DEBUG org.springframework.beans.factory.support.DefaultSingletonBeanRegistry 225 getSingleton - Creating shared instance of singleton bean 'mapperscanner'
[2020-10-19 19:35:17] DEBUG org.apache.ibatis.logging.LogFactory 105 setImplementation - Logging initialized using 'class org.apache.ibatis.logging.slf4j.Slf4jImpl' adapter.
[2020-10-19 19:35:17] DEBUG org.springframework.context.annotation.ClassPathScanningCandidateComponentProvider 435 scanCandidateComponents - Identified candidate component class: file [E:\mavenProject\SSM\target\classes\com\dao\ClassesMapper.class]
[2020-10-19 19:35:17] DEBUG org.springframework.context.annotation.ClassPathScanningCandidateComponentProvider 435 scanCandidateComponents - Identified candidate component class: file [E:\mavenProject\SSM\target\classes\com\dao\OrderMapper.class]
[2020-10-19 19:35:17] DEBUG org.springframework.context.annotation.ClassPathScanningCandidateComponentProvider 435 scanCandidateComponents - Identified candidate component class: file [E:\mavenProject\SSM\target\classes\com\dao\UserMapper.class]
[2020-10-19 19:35:17] DEBUG org.mybatis.logging.Logger 49 debug - Creating MapperFactoryBean with name 'classesMapper' and 'com.dao.ClassesMapper' mapperInterface
[2020-10-19 19:35:17] DEBUG org.mybatis.logging.Logger 49 debug - Enabling autowire by type for MapperFactoryBean with name 'classesMapper'.
[2020-10-19 19:35:17] DEBUG org.mybatis.logging.Logger 49 debug - Creating MapperFactoryBean with name 'orderMapper' and 'com.dao.OrderMapper' mapperInterface
[2020-10-19 19:35:17] DEBUG org.mybatis.logging.Logger 49 debug - Enabling autowire by type for MapperFactoryBean with name 'orderMapper'.
[2020-10-19 19:35:17] DEBUG org.mybatis.logging.Logger 49 debug - Creating MapperFactoryBean with name 'userMapper' and 'com.dao.UserMapper' mapperInterface
[2020-10-19 19:35:17] DEBUG org.mybatis.logging.Logger 49 debug - Enabling autowire by type for MapperFactoryBean with name 'userMapper'.
[2020-10-19 19:35:17] DEBUG org.springframework.beans.factory.support.DefaultSingletonBeanRegistry 225 getSingleton - Creating shared instance of singleton bean 'org.springframework.context.support.PropertySourcesPlaceholderConfigurer#0'
[2020-10-19 19:35:17] DEBUG org.springframework.core.env.PropertySourcesPropertyResolver 115 logKeyFound - Found key 'jdbc-url' in PropertySource 'localProperties' with value of type String
[2020-10-19 19:35:17] DEBUG org.springframework.core.env.PropertySourcesPropertyResolver 115 logKeyFound - Found key 'jdbc-driver' in PropertySource 'localProperties' with value of type String
[2020-10-19 19:35:17] DEBUG org.springframework.core.env.PropertySourcesPropertyResolver 115 logKeyFound - Found key 'jdbc-username' in PropertySource 'localProperties' with value of type String
[2020-10-19 19:35:17] DEBUG org.springframework.core.env.PropertySourcesPropertyResolver 115 logKeyFound - Found key 'jdbc-password' in PropertySource 'localProperties' with value of type String
[2020-10-19 19:35:17] DEBUG org.springframework.beans.factory.support.DefaultSingletonBeanRegistry 225 getSingleton - Creating shared instance of singleton bean 'org.springframework.context.event.internalEventListenerProcessor'
[2020-10-19 19:35:17] DEBUG org.springframework.beans.factory.support.DefaultSingletonBeanRegistry 225 getSingleton - Creating shared instance of singleton bean 'org.springframework.context.event.internalEventListenerFactory'
[2020-10-19 19:35:17] DEBUG org.springframework.beans.factory.support.DefaultSingletonBeanRegistry 225 getSingleton - Creating shared instance of singleton bean 'org.springframework.context.annotation.internalAutowiredAnnotationProcessor'
[2020-10-19 19:35:17] DEBUG org.springframework.beans.factory.support.DefaultSingletonBeanRegistry 225 getSingleton - Creating shared instance of singleton bean 'org.springframework.context.annotation.internalCommonAnnotationProcessor'
[2020-10-19 19:35:17] DEBUG org.springframework.beans.factory.support.DefaultSingletonBeanRegistry 225 getSingleton - Creating shared instance of singleton bean 'userServiceImpl'
[2020-10-19 19:35:18] DEBUG org.springframework.beans.factory.support.DefaultSingletonBeanRegistry 225 getSingleton - Creating shared instance of singleton bean 'userMapper'
[2020-10-19 19:35:18] DEBUG org.springframework.beans.factory.support.DefaultSingletonBeanRegistry 225 getSingleton - Creating shared instance of singleton bean 'factoryBean'
[2020-10-19 19:35:18] DEBUG org.springframework.beans.factory.support.DefaultSingletonBeanRegistry 225 getSingleton - Creating shared instance of singleton bean 'dataSource'
[2020-10-19 19:35:18] DEBUG org.springframework.beans.factory.support.DefaultSingletonBeanRegistry 225 getSingleton - Creating shared instance of singleton bean 'log-filter'
[2020-10-19 19:35:18] DEBUG org.mybatis.logging.Logger 49 debug - Property 'configuration' or 'configLocation' not specified, using default MyBatis Configuration
[2020-10-19 19:35:18] DEBUG org.mybatis.logging.Logger 49 debug - Parsed mapper file: 'file [E:\mavenProject\SSM\target\classes\com\mapper\ClassesMapper.xml]'
[2020-10-19 19:35:18] DEBUG org.mybatis.logging.Logger 49 debug - Parsed mapper file: 'file [E:\mavenProject\SSM\target\classes\com\mapper\OrdersMapper.xml]'
[2020-10-19 19:35:18] DEBUG org.mybatis.logging.Logger 49 debug - Parsed mapper file: 'file [E:\mavenProject\SSM\target\classes\com\mapper\UserMapper.xml]'
[2020-10-19 19:35:18] DEBUG org.springframework.beans.factory.support.DefaultSingletonBeanRegistry 225 getSingleton - Creating shared instance of singleton bean 'classesMapper'
[2020-10-19 19:35:18] DEBUG org.springframework.beans.factory.support.DefaultSingletonBeanRegistry 225 getSingleton - Creating shared instance of singleton bean 'orderMapper'
[2020-10-19 19:35:18] DEBUG org.springframework.test.context.cache.DefaultCacheAwareContextLoaderDelegate 126 loadContext - Storing ApplicationContext [590646109] in cache under key [[MergedContextConfiguration@1e800aaa testClass = testSpring, locations = '{classpath:spring.xml}', classes = '{}', contextInitializerClasses = '[]', activeProfiles = '{}', propertySourceLocations = '{}', propertySourceProperties = '{}', contextCustomizers = set[[empty]], contextLoader = 'org.springframework.test.context.support.DelegatingSmartContextLoader', parent = [null]]]
[2020-10-19 19:35:18] DEBUG org.springframework.test.context.cache.DefaultContextCache 290 logStatistics - Spring test ApplicationContext cache statistics: [DefaultContextCache@68a426c3 size = 1, maxSize = 32, parentContextCount = 0, hitCount = 0, missCount = 1]
[2020-10-19 19:35:18] DEBUG org.springframework.test.context.cache.DefaultCacheAwareContextLoaderDelegate 137 loadContext - Retrieved ApplicationContext [590646109] from cache with key [[MergedContextConfiguration@1e800aaa testClass = testSpring, locations = '{classpath:spring.xml}', classes = '{}', contextInitializerClasses = '[]', activeProfiles = '{}', propertySourceLocations = '{}', propertySourceProperties = '{}', contextCustomizers = set[[empty]], contextLoader = 'org.springframework.test.context.support.DelegatingSmartContextLoader', parent = [null]]]
[2020-10-19 19:35:18] DEBUG org.springframework.test.context.cache.DefaultContextCache 290 logStatistics - Spring test ApplicationContext cache statistics: [DefaultContextCache@68a426c3 size = 1, maxSize = 32, parentContextCount = 0, hitCount = 1, missCount = 1]
[2020-10-19 19:35:18] DEBUG org.springframework.test.context.support.AbstractDirtiesContextTestExecutionListener 107 beforeOrAfterTestMethod - Before test method: context [DefaultTestContext@5bda8e08 testClass = testSpring, testInstance = com.service.impl.testSpring@198b6731, testMethod = select@testSpring, testException = [null], mergedContextConfiguration = [MergedContextConfiguration@1e800aaa testClass = testSpring, locations = '{classpath:spring.xml}', classes = '{}', contextInitializerClasses = '[]', activeProfiles = '{}', propertySourceLocations = '{}', propertySourceProperties = '{}', contextCustomizers = set[[empty]], contextLoader = 'org.springframework.test.context.support.DelegatingSmartContextLoader', parent = [null]], attributes = map[[empty]]], class annotated with @DirtiesContext [false] with mode [null], method annotated with @DirtiesContext [false] with mode [null].
[2020-10-19 19:35:18] DEBUG org.springframework.test.context.cache.DefaultCacheAwareContextLoaderDelegate 137 loadContext - Retrieved ApplicationContext [590646109] from cache with key [[MergedContextConfiguration@1e800aaa testClass = testSpring, locations = '{classpath:spring.xml}', classes = '{}', contextInitializerClasses = '[]', activeProfiles = '{}', propertySourceLocations = '{}', propertySourceProperties = '{}', contextCustomizers = set[[empty]], contextLoader = 'org.springframework.test.context.support.DelegatingSmartContextLoader', parent = [null]]]
[2020-10-19 19:35:18] DEBUG org.springframework.test.context.cache.DefaultContextCache 290 logStatistics - Spring test ApplicationContext cache statistics: [DefaultContextCache@68a426c3 size = 1, maxSize = 32, parentContextCount = 0, hitCount = 2, missCount = 1]
[2020-10-19 19:35:18] DEBUG org.springframework.test.context.cache.DefaultCacheAwareContextLoaderDelegate 137 loadContext - Retrieved ApplicationContext [590646109] from cache with key [[MergedContextConfiguration@1e800aaa testClass = testSpring, locations = '{classpath:spring.xml}', classes = '{}', contextInitializerClasses = '[]', activeProfiles = '{}', propertySourceLocations = '{}', propertySourceProperties = '{}', contextCustomizers = set[[empty]], contextLoader = 'org.springframework.test.context.support.DelegatingSmartContextLoader', parent = [null]]]
[2020-10-19 19:35:18] DEBUG org.springframework.test.context.cache.DefaultContextCache 290 logStatistics - Spring test ApplicationContext cache statistics: [DefaultContextCache@68a426c3 size = 1, maxSize = 32, parentContextCount = 0, hitCount = 3, missCount = 1]
[2020-10-19 19:35:18] DEBUG org.mybatis.logging.Logger 49 debug - Creating a new SqlSession
[2020-10-19 19:35:18] DEBUG org.mybatis.logging.Logger 49 debug - SqlSession [org.apache.ibatis.session.defaults.DefaultSqlSession@17354708] was not registered for synchronization because synchronization is not active
[2020-10-19 19:35:18] DEBUG org.apache.ibatis.cache.decorators.LoggingCache 60 getObject - Cache Hit Ratio [com.dao.UserMapper]: 0.0
[2020-10-19 19:35:18] DEBUG org.springframework.jdbc.datasource.DataSourceUtils 115 doGetConnection - Fetching JDBC Connection from DataSource
[2020-10-19 19:35:24] DEBUG org.mybatis.logging.Logger 49 debug - JDBC Connection [com.alibaba.druid.proxy.jdbc.ConnectionProxyImpl@534762ed] will not be managed by Spring
[2020-10-19 19:35:24] DEBUG org.apache.ibatis.logging.jdbc.BaseJdbcLogger 137 debug - ==>  Preparing: select * from users where userid=?
[2020-10-19 19:35:24] DEBUG org.apache.ibatis.logging.jdbc.BaseJdbcLogger 137 debug - ==> Parameters: 8(Integer)
[2020-10-19 19:35:24] DEBUG com.alibaba.druid.filter.logging.Log4j2Filter 142 resultSetLog - {conn-10001, pstmt-20000, rs-50000} open
[2020-10-19 19:35:24] DEBUG com.alibaba.druid.filter.logging.Log4j2Filter 142 resultSetLog - {conn-10001, pstmt-20000, rs-50000} Header: [USERID, USERNAME, PASSWORD, NICKNAME, ADDRESS, ACTIVE, UENABLE, UACCESS, MAIL, PHONE]
[2020-10-19 19:35:24] DEBUG com.alibaba.druid.filter.logging.Log4j2Filter 142 resultSetLog - {conn-10001, pstmt-20000, rs-50000} Result: [8, null, null, 孙悟空, null, 1, null, null, null, null]
[2020-10-19 19:35:24] DEBUG org.apache.ibatis.logging.jdbc.BaseJdbcLogger 137 debug - <==      Total: 1
[2020-10-19 19:35:24] DEBUG com.alibaba.druid.filter.logging.Log4j2Filter 142 resultSetLog - {conn-10001, pstmt-20000, rs-50000} closed
[2020-10-19 19:35:24] DEBUG org.mybatis.logging.Logger 49 debug - Closing non transactional SqlSession [org.apache.ibatis.session.defaults.DefaultSqlSession@17354708]
[2020-10-19 19:35:24] DEBUG org.springframework.test.context.cache.DefaultCacheAwareContextLoaderDelegate 137 loadContext - Retrieved ApplicationContext [590646109] from cache with key [[MergedContextConfiguration@1e800aaa testClass = testSpring, locations = '{classpath:spring.xml}', classes = '{}', contextInitializerClasses = '[]', activeProfiles = '{}', propertySourceLocations = '{}', propertySourceProperties = '{}', contextCustomizers = set[[empty]], contextLoader = 'org.springframework.test.context.support.DelegatingSmartContextLoader', parent = [null]]]
[2020-10-19 19:35:24] DEBUG org.springframework.test.context.cache.DefaultContextCache 290 logStatistics - Spring test ApplicationContext cache statistics: [DefaultContextCache@68a426c3 size = 1, maxSize = 32, parentContextCount = 0, hitCount = 4, missCount = 1]
[2020-10-19 19:35:24] DEBUG org.springframework.test.context.cache.DefaultCacheAwareContextLoaderDelegate 137 loadContext - Retrieved ApplicationContext [590646109] from cache with key [[MergedContextConfiguration@1e800aaa testClass = testSpring, locations = '{classpath:spring.xml}', classes = '{}', contextInitializerClasses = '[]', activeProfiles = '{}', propertySourceLocations = '{}', propertySourceProperties = '{}', contextCustomizers = set[[empty]], contextLoader = 'org.springframework.test.context.support.DelegatingSmartContextLoader', parent = [null]]]
[2020-10-19 19:35:24] DEBUG org.springframework.test.context.cache.DefaultContextCache 290 logStatistics - Spring test ApplicationContext cache statistics: [DefaultContextCache@68a426c3 size = 1, maxSize = 32, parentContextCount = 0, hitCount = 5, missCount = 1]
[2020-10-19 19:35:24] DEBUG org.springframework.test.context.support.AbstractDirtiesContextTestExecutionListener 107 beforeOrAfterTestMethod - After test method: context [DefaultTestContext@5bda8e08 testClass = testSpring, testInstance = com.service.impl.testSpring@198b6731, testMethod = select@testSpring, testException = [null], mergedContextConfiguration = [MergedContextConfiguration@1e800aaa testClass = testSpring, locations = '{classpath:spring.xml}', classes = '{}', contextInitializerClasses = '[]', activeProfiles = '{}', propertySourceLocations = '{}', propertySourceProperties = '{}', contextCustomizers = set[[empty]], contextLoader = 'org.springframework.test.context.support.DelegatingSmartContextLoader', parent = [null]], attributes = map[[empty]]], class annotated with @DirtiesContext [false] with mode [null], method annotated with @DirtiesContext [false] with mode [null].
[2020-10-19 19:35:24] DEBUG org.springframework.test.context.cache.DefaultCacheAwareContextLoaderDelegate 137 loadContext - Retrieved ApplicationContext [590646109] from cache with key [[MergedContextConfiguration@1e800aaa testClass = testSpring, locations = '{classpath:spring.xml}', classes = '{}', contextInitializerClasses = '[]', activeProfiles = '{}', propertySourceLocations = '{}', propertySourceProperties = '{}', contextCustomizers = set[[empty]], contextLoader = 'org.springframework.test.context.support.DelegatingSmartContextLoader', parent = [null]]]
[2020-10-19 19:35:24] DEBUG org.springframework.test.context.cache.DefaultContextCache 290 logStatistics - Spring test ApplicationContext cache statistics: [DefaultContextCache@68a426c3 size = 1, maxSize = 32, parentContextCount = 0, hitCount = 6, missCount = 1]
[2020-10-19 19:35:24] DEBUG org.springframework.test.context.support.AbstractDirtiesContextTestExecutionListener 142 beforeOrAfterTestClass - After test class: context [DefaultTestContext@5bda8e08 testClass = testSpring, testInstance = [null], testMethod = [null], testException = [null], mergedContextConfiguration = [MergedContextConfiguration@1e800aaa testClass = testSpring, locations = '{classpath:spring.xml}', classes = '{}', contextInitializerClasses = '[]', activeProfiles = '{}', propertySourceLocations = '{}', propertySourceProperties = '{}', contextCustomizers = set[[empty]], contextLoader = 'org.springframework.test.context.support.DelegatingSmartContextLoader', parent = [null]], attributes = map[[empty]]], class annotated with @DirtiesContext [false] with mode [null].
[2020-10-19 19:35:34] DEBUG org.springframework.test.context.junit4.SpringJUnit4ClassRunner 139 <init> - SpringJUnit4ClassRunner constructor called with [class com.service.impl.testSpring]
[2020-10-19 19:35:34] DEBUG org.springframework.test.context.BootstrapUtils 96 createCacheAwareContextLoaderDelegate - Instantiating CacheAwareContextLoaderDelegate from class [org.springframework.test.context.cache.DefaultCacheAwareContextLoaderDelegate]
[2020-10-19 19:35:34] DEBUG org.springframework.test.context.BootstrapUtils 79 createBootstrapContext - Instantiating BootstrapContext using constructor [public org.springframework.test.context.support.DefaultBootstrapContext(java.lang.Class,org.springframework.test.context.CacheAwareContextLoaderDelegate)]
[2020-10-19 19:35:34] DEBUG org.springframework.test.context.BootstrapUtils 132 resolveTestContextBootstrapper - Instantiating TestContextBootstrapper for test class [com.service.impl.testSpring] from class [org.springframework.test.context.support.DefaultTestContextBootstrapper]
[2020-10-19 19:35:34] DEBUG org.springframework.test.context.support.AbstractDelegatingSmartContextLoader 263 delegateProcessing - Delegating to GenericXmlContextLoader to process context configuration [ContextConfigurationAttributes@6379eb declaringClass = 'com.service.impl.testSpring', classes = '{}', locations = '{classpath:spring.xml}', inheritLocations = true, initializers = '{}', inheritInitializers = true, name = [null], contextLoaderClass = 'org.springframework.test.context.ContextLoader'].
[2020-10-19 19:35:34] DEBUG org.springframework.test.context.support.ActiveProfilesUtils 79 resolveActiveProfiles - Could not find an 'annotation declaring class' for annotation type [org.springframework.test.context.ActiveProfiles] and class [com.service.impl.testSpring]
[2020-10-19 19:35:34] DEBUG org.springframework.test.context.support.AbstractTestContextBootstrapper 125 getTestExecutionListeners - @TestExecutionListeners is not present for class [com.service.impl.testSpring]: using defaults.
[2020-10-19 19:35:34] DEBUG org.springframework.test.context.support.AbstractTestContextBootstrapper 192 instantiateListeners - Skipping candidate TestExecutionListener [org.springframework.test.context.web.ServletTestExecutionListener] due to a missing dependency. Specify custom listener classes or make the default listener classes and their required dependencies available. Offending class: [javax/servlet/ServletContext]
[2020-10-19 19:35:34] DEBUG org.springframework.test.annotation.ProfileValueUtils 70 retrieveProfileValueSource - Retrieved @ProfileValueSourceConfiguration [null] for test class [com.service.impl.testSpring]
[2020-10-19 19:35:34] DEBUG org.springframework.test.annotation.ProfileValueUtils 83 retrieveProfileValueSource - Retrieved ProfileValueSource type [class org.springframework.test.annotation.SystemProfileValueSource] for class [com.service.impl.testSpring]
[2020-10-19 19:35:34] DEBUG org.springframework.test.annotation.ProfileValueUtils 70 retrieveProfileValueSource - Retrieved @ProfileValueSourceConfiguration [null] for test class [com.service.impl.testSpring]
[2020-10-19 19:35:34] DEBUG org.springframework.test.annotation.ProfileValueUtils 83 retrieveProfileValueSource - Retrieved ProfileValueSource type [class org.springframework.test.annotation.SystemProfileValueSource] for class [com.service.impl.testSpring]
[2020-10-19 19:35:34] DEBUG org.springframework.test.annotation.ProfileValueUtils 70 retrieveProfileValueSource - Retrieved @ProfileValueSourceConfiguration [null] for test class [com.service.impl.testSpring]
[2020-10-19 19:35:34] DEBUG org.springframework.test.annotation.ProfileValueUtils 83 retrieveProfileValueSource - Retrieved ProfileValueSource type [class org.springframework.test.annotation.SystemProfileValueSource] for class [com.service.impl.testSpring]
[2020-10-19 19:35:34] DEBUG org.springframework.test.annotation.ProfileValueUtils 70 retrieveProfileValueSource - Retrieved @ProfileValueSourceConfiguration [null] for test class [com.service.impl.testSpring]
[2020-10-19 19:35:34] DEBUG org.springframework.test.annotation.ProfileValueUtils 83 retrieveProfileValueSource - Retrieved ProfileValueSource type [class org.springframework.test.annotation.SystemProfileValueSource] for class [com.service.impl.testSpring]
[2020-10-19 19:35:34] DEBUG org.springframework.test.context.support.AbstractDirtiesContextTestExecutionListener 142 beforeOrAfterTestClass - Before test class: context [DefaultTestContext@5bda8e08 testClass = testSpring, testInstance = [null], testMethod = [null], testException = [null], mergedContextConfiguration = [MergedContextConfiguration@1e800aaa testClass = testSpring, locations = '{classpath:spring.xml}', classes = '{}', contextInitializerClasses = '[]', activeProfiles = '{}', propertySourceLocations = '{}', propertySourceProperties = '{}', contextCustomizers = set[[empty]], contextLoader = 'org.springframework.test.context.support.DelegatingSmartContextLoader', parent = [null]], attributes = map[[empty]]], class annotated with @DirtiesContext [false] with mode [null].
[2020-10-19 19:35:34] DEBUG org.springframework.test.annotation.ProfileValueUtils 70 retrieveProfileValueSource - Retrieved @ProfileValueSourceConfiguration [null] for test class [com.service.impl.testSpring]
[2020-10-19 19:35:34] DEBUG org.springframework.test.annotation.ProfileValueUtils 83 retrieveProfileValueSource - Retrieved ProfileValueSource type [class org.springframework.test.annotation.SystemProfileValueSource] for class [com.service.impl.testSpring]
[2020-10-19 19:35:34] DEBUG org.springframework.test.context.support.DependencyInjectionTestExecutionListener 81 prepareTestInstance - Performing dependency injection for test context [[DefaultTestContext@5bda8e08 testClass = testSpring, testInstance = com.service.impl.testSpring@198b6731, testMethod = [null], testException = [null], mergedContextConfiguration = [MergedContextConfiguration@1e800aaa testClass = testSpring, locations = '{classpath:spring.xml}', classes = '{}', contextInitializerClasses = '[]', activeProfiles = '{}', propertySourceLocations = '{}', propertySourceProperties = '{}', contextCustomizers = set[[empty]], contextLoader = 'org.springframework.test.context.support.DelegatingSmartContextLoader', parent = [null]], attributes = map[[empty]]]].
[2020-10-19 19:35:34] DEBUG org.springframework.test.context.support.AbstractDelegatingSmartContextLoader 273 delegateLoading - Delegating to GenericXmlContextLoader to load context from [MergedContextConfiguration@1e800aaa testClass = testSpring, locations = '{classpath:spring.xml}', classes = '{}', contextInitializerClasses = '[]', activeProfiles = '{}', propertySourceLocations = '{}', propertySourceProperties = '{}', contextCustomizers = set[[empty]], contextLoader = 'org.springframework.test.context.support.DelegatingSmartContextLoader', parent = [null]].
[2020-10-19 19:35:34] DEBUG org.springframework.test.context.support.AbstractGenericContextLoader 107 loadContext - Loading ApplicationContext for merged context configuration [[MergedContextConfiguration@1e800aaa testClass = testSpring, locations = '{classpath:spring.xml}', classes = '{}', contextInitializerClasses = '[]', activeProfiles = '{}', propertySourceLocations = '{}', propertySourceProperties = '{}', contextCustomizers = set[[empty]], contextLoader = 'org.springframework.test.context.support.DelegatingSmartContextLoader', parent = [null]]].
[2020-10-19 19:35:35] DEBUG org.springframework.core.env.AbstractEnvironment 252 setActiveProfiles - Activating profiles []
[2020-10-19 19:35:37] DEBUG org.springframework.context.annotation.ClassPathScanningCandidateComponentProvider 441 scanCandidateComponents - Ignored because not a concrete top-level class: file [E:\mavenProject\SSM\target\classes\com\dao\UserMapper.class]
[2020-10-19 19:35:37] DEBUG org.springframework.context.annotation.ClassPathScanningCandidateComponentProvider 435 scanCandidateComponents - Identified candidate component class: file [E:\mavenProject\SSM\target\classes\com\service\impl\UserServiceImpl.class]
[2020-10-19 19:35:39] DEBUG org.springframework.beans.factory.xml.XmlBeanDefinitionReader 393 doLoadBeanDefinitions - Loaded 11 bean definitions from class path resource [spring.xml]
[2020-10-19 19:35:39] DEBUG org.springframework.context.support.AbstractApplicationContext 596 prepareRefresh - Refreshing org.springframework.context.support.GenericApplicationContext@23348b5d
[2020-10-19 19:35:39] DEBUG org.springframework.beans.factory.support.DefaultSingletonBeanRegistry 225 getSingleton - Creating shared instance of singleton bean 'org.springframework.context.annotation.internalConfigurationAnnotationProcessor'
[2020-10-19 19:35:39] DEBUG org.springframework.beans.factory.support.DefaultSingletonBeanRegistry 225 getSingleton - Creating shared instance of singleton bean 'mapperscanner'
[2020-10-19 19:35:39] DEBUG org.apache.ibatis.logging.LogFactory 105 setImplementation - Logging initialized using 'class org.apache.ibatis.logging.slf4j.Slf4jImpl' adapter.
[2020-10-19 19:35:39] DEBUG org.springframework.context.annotation.ClassPathScanningCandidateComponentProvider 435 scanCandidateComponents - Identified candidate component class: file [E:\mavenProject\SSM\target\classes\com\dao\ClassesMapper.class]
[2020-10-19 19:35:39] DEBUG org.springframework.context.annotation.ClassPathScanningCandidateComponentProvider 435 scanCandidateComponents - Identified candidate component class: file [E:\mavenProject\SSM\target\classes\com\dao\OrderMapper.class]
[2020-10-19 19:35:39] DEBUG org.springframework.context.annotation.ClassPathScanningCandidateComponentProvider 435 scanCandidateComponents - Identified candidate component class: file [E:\mavenProject\SSM\target\classes\com\dao\UserMapper.class]
[2020-10-19 19:35:39] DEBUG org.mybatis.logging.Logger 49 debug - Creating MapperFactoryBean with name 'classesMapper' and 'com.dao.ClassesMapper' mapperInterface
[2020-10-19 19:35:39] DEBUG org.mybatis.logging.Logger 49 debug - Enabling autowire by type for MapperFactoryBean with name 'classesMapper'.
[2020-10-19 19:35:39] DEBUG org.mybatis.logging.Logger 49 debug - Creating MapperFactoryBean with name 'orderMapper' and 'com.dao.OrderMapper' mapperInterface
[2020-10-19 19:35:39] DEBUG org.mybatis.logging.Logger 49 debug - Enabling autowire by type for MapperFactoryBean with name 'orderMapper'.
[2020-10-19 19:35:39] DEBUG org.mybatis.logging.Logger 49 debug - Creating MapperFactoryBean with name 'userMapper' and 'com.dao.UserMapper' mapperInterface
[2020-10-19 19:35:39] DEBUG org.mybatis.logging.Logger 49 debug - Enabling autowire by type for MapperFactoryBean with name 'userMapper'.
[2020-10-19 19:35:39] DEBUG org.springframework.beans.factory.support.DefaultSingletonBeanRegistry 225 getSingleton - Creating shared instance of singleton bean 'org.springframework.context.support.PropertySourcesPlaceholderConfigurer#0'
[2020-10-19 19:35:39] DEBUG org.springframework.core.env.PropertySourcesPropertyResolver 115 logKeyFound - Found key 'jdbc-url' in PropertySource 'localProperties' with value of type String
[2020-10-19 19:35:39] DEBUG org.springframework.core.env.PropertySourcesPropertyResolver 115 logKeyFound - Found key 'jdbc-driver' in PropertySource 'localProperties' with value of type String
[2020-10-19 19:35:39] DEBUG org.springframework.core.env.PropertySourcesPropertyResolver 115 logKeyFound - Found key 'jdbc-username' in PropertySource 'localProperties' with value of type String
[2020-10-19 19:35:39] DEBUG org.springframework.core.env.PropertySourcesPropertyResolver 115 logKeyFound - Found key 'jdbc-password' in PropertySource 'localProperties' with value of type String
[2020-10-19 19:35:39] DEBUG org.springframework.beans.factory.support.DefaultSingletonBeanRegistry 225 getSingleton - Creating shared instance of singleton bean 'org.springframework.context.event.internalEventListenerProcessor'
[2020-10-19 19:35:39] DEBUG org.springframework.beans.factory.support.DefaultSingletonBeanRegistry 225 getSingleton - Creating shared instance of singleton bean 'org.springframework.context.event.internalEventListenerFactory'
[2020-10-19 19:35:39] DEBUG org.springframework.beans.factory.support.DefaultSingletonBeanRegistry 225 getSingleton - Creating shared instance of singleton bean 'org.springframework.context.annotation.internalAutowiredAnnotationProcessor'
[2020-10-19 19:35:39] DEBUG org.springframework.beans.factory.support.DefaultSingletonBeanRegistry 225 getSingleton - Creating shared instance of singleton bean 'org.springframework.context.annotation.internalCommonAnnotationProcessor'
[2020-10-19 19:35:39] DEBUG org.springframework.beans.factory.support.DefaultSingletonBeanRegistry 225 getSingleton - Creating shared instance of singleton bean 'userServiceImpl'
[2020-10-19 19:35:39] DEBUG org.springframework.beans.factory.support.DefaultSingletonBeanRegistry 225 getSingleton - Creating shared instance of singleton bean 'userMapper'
[2020-10-19 19:35:39] DEBUG org.springframework.beans.factory.support.DefaultSingletonBeanRegistry 225 getSingleton - Creating shared instance of singleton bean 'factoryBean'
[2020-10-19 19:35:39] DEBUG org.springframework.beans.factory.support.DefaultSingletonBeanRegistry 225 getSingleton - Creating shared instance of singleton bean 'dataSource'
[2020-10-19 19:35:39] DEBUG org.springframework.beans.factory.support.DefaultSingletonBeanRegistry 225 getSingleton - Creating shared instance of singleton bean 'log-filter'
[2020-10-19 19:35:39] DEBUG org.mybatis.logging.Logger 49 debug - Property 'configuration' or 'configLocation' not specified, using default MyBatis Configuration
[2020-10-19 19:35:40] DEBUG org.mybatis.logging.Logger 49 debug - Parsed mapper file: 'file [E:\mavenProject\SSM\target\classes\com\mapper\ClassesMapper.xml]'
[2020-10-19 19:35:40] DEBUG org.mybatis.logging.Logger 49 debug - Parsed mapper file: 'file [E:\mavenProject\SSM\target\classes\com\mapper\OrdersMapper.xml]'
[2020-10-19 19:35:40] DEBUG org.mybatis.logging.Logger 49 debug - Parsed mapper file: 'file [E:\mavenProject\SSM\target\classes\com\mapper\UserMapper.xml]'
[2020-10-19 19:35:40] DEBUG org.springframework.beans.factory.support.DefaultSingletonBeanRegistry 225 getSingleton - Creating shared instance of singleton bean 'classesMapper'
[2020-10-19 19:35:40] DEBUG org.springframework.beans.factory.support.DefaultSingletonBeanRegistry 225 getSingleton - Creating shared instance of singleton bean 'orderMapper'
[2020-10-19 19:35:40] DEBUG org.springframework.test.context.cache.DefaultCacheAwareContextLoaderDelegate 126 loadContext - Storing ApplicationContext [590646109] in cache under key [[MergedContextConfiguration@1e800aaa testClass = testSpring, locations = '{classpath:spring.xml}', classes = '{}', contextInitializerClasses = '[]', activeProfiles = '{}', propertySourceLocations = '{}', propertySourceProperties = '{}', contextCustomizers = set[[empty]], contextLoader = 'org.springframework.test.context.support.DelegatingSmartContextLoader', parent = [null]]]
[2020-10-19 19:35:40] DEBUG org.springframework.test.context.cache.DefaultContextCache 290 logStatistics - Spring test ApplicationContext cache statistics: [DefaultContextCache@3dbb3fb7 size = 1, maxSize = 32, parentContextCount = 0, hitCount = 0, missCount = 1]
[2020-10-19 19:35:40] DEBUG org.springframework.test.context.cache.DefaultCacheAwareContextLoaderDelegate 137 loadContext - Retrieved ApplicationContext [590646109] from cache with key [[MergedContextConfiguration@1e800aaa testClass = testSpring, locations = '{classpath:spring.xml}', classes = '{}', contextInitializerClasses = '[]', activeProfiles = '{}', propertySourceLocations = '{}', propertySourceProperties = '{}', contextCustomizers = set[[empty]], contextLoader = 'org.springframework.test.context.support.DelegatingSmartContextLoader', parent = [null]]]
[2020-10-19 19:35:40] DEBUG org.springframework.test.context.cache.DefaultContextCache 290 logStatistics - Spring test ApplicationContext cache statistics: [DefaultContextCache@3dbb3fb7 size = 1, maxSize = 32, parentContextCount = 0, hitCount = 1, missCount = 1]
[2020-10-19 19:35:40] DEBUG org.springframework.test.context.support.AbstractDirtiesContextTestExecutionListener 107 beforeOrAfterTestMethod - Before test method: context [DefaultTestContext@5bda8e08 testClass = testSpring, testInstance = com.service.impl.testSpring@198b6731, testMethod = select@testSpring, testException = [null], mergedContextConfiguration = [MergedContextConfiguration@1e800aaa testClass = testSpring, locations = '{classpath:spring.xml}', classes = '{}', contextInitializerClasses = '[]', activeProfiles = '{}', propertySourceLocations = '{}', propertySourceProperties = '{}', contextCustomizers = set[[empty]], contextLoader = 'org.springframework.test.context.support.DelegatingSmartContextLoader', parent = [null]], attributes = map[[empty]]], class annotated with @DirtiesContext [false] with mode [null], method annotated with @DirtiesContext [false] with mode [null].
[2020-10-19 19:35:40] DEBUG org.springframework.test.context.cache.DefaultCacheAwareContextLoaderDelegate 137 loadContext - Retrieved ApplicationContext [590646109] from cache with key [[MergedContextConfiguration@1e800aaa testClass = testSpring, locations = '{classpath:spring.xml}', classes = '{}', contextInitializerClasses = '[]', activeProfiles = '{}', propertySourceLocations = '{}', propertySourceProperties = '{}', contextCustomizers = set[[empty]], contextLoader = 'org.springframework.test.context.support.DelegatingSmartContextLoader', parent = [null]]]
[2020-10-19 19:35:40] DEBUG org.springframework.test.context.cache.DefaultContextCache 290 logStatistics - Spring test ApplicationContext cache statistics: [DefaultContextCache@3dbb3fb7 size = 1, maxSize = 32, parentContextCount = 0, hitCount = 2, missCount = 1]
[2020-10-19 19:35:40] DEBUG org.springframework.test.context.cache.DefaultCacheAwareContextLoaderDelegate 137 loadContext - Retrieved ApplicationContext [590646109] from cache with key [[MergedContextConfiguration@1e800aaa testClass = testSpring, locations = '{classpath:spring.xml}', classes = '{}', contextInitializerClasses = '[]', activeProfiles = '{}', propertySourceLocations = '{}', propertySourceProperties = '{}', contextCustomizers = set[[empty]], contextLoader = 'org.springframework.test.context.support.DelegatingSmartContextLoader', parent = [null]]]
[2020-10-19 19:35:40] DEBUG org.springframework.test.context.cache.DefaultContextCache 290 logStatistics - Spring test ApplicationContext cache statistics: [DefaultContextCache@3dbb3fb7 size = 1, maxSize = 32, parentContextCount = 0, hitCount = 3, missCount = 1]
[2020-10-19 19:35:40] DEBUG org.mybatis.logging.Logger 49 debug - Creating a new SqlSession
[2020-10-19 19:35:40] DEBUG org.mybatis.logging.Logger 49 debug - SqlSession [org.apache.ibatis.session.defaults.DefaultSqlSession@6c5ae8fd] was not registered for synchronization because synchronization is not active
[2020-10-19 19:35:40] DEBUG org.apache.ibatis.cache.decorators.LoggingCache 60 getObject - Cache Hit Ratio [com.dao.UserMapper]: 0.0
[2020-10-19 19:35:40] DEBUG org.springframework.jdbc.datasource.DataSourceUtils 115 doGetConnection - Fetching JDBC Connection from DataSource
[2020-10-19 19:35:46] DEBUG org.mybatis.logging.Logger 49 debug - JDBC Connection [com.alibaba.druid.proxy.jdbc.ConnectionProxyImpl@5db9f51f] will not be managed by Spring
[2020-10-19 19:35:46] DEBUG org.apache.ibatis.logging.jdbc.BaseJdbcLogger 137 debug - ==>  Preparing: select * from users where userid=?
[2020-10-19 19:35:46] DEBUG org.apache.ibatis.logging.jdbc.BaseJdbcLogger 137 debug - ==> Parameters: 8(Integer)
[2020-10-19 19:35:46] DEBUG com.alibaba.druid.filter.logging.Log4j2Filter 142 resultSetLog - {conn-10001, pstmt-20000, rs-50000} open
[2020-10-19 19:35:46] DEBUG com.alibaba.druid.filter.logging.Log4j2Filter 142 resultSetLog - {conn-10001, pstmt-20000, rs-50000} Header: [USERID, USERNAME, PASSWORD, NICKNAME, ADDRESS, ACTIVE, UENABLE, UACCESS, MAIL, PHONE]
[2020-10-19 19:35:46] DEBUG com.alibaba.druid.filter.logging.Log4j2Filter 142 resultSetLog - {conn-10001, pstmt-20000, rs-50000} Result: [8, null, null, 孙悟空, null, 1, null, null, null, null]
[2020-10-19 19:35:46] DEBUG org.apache.ibatis.logging.jdbc.BaseJdbcLogger 137 debug - <==      Total: 1
[2020-10-19 19:35:46] DEBUG com.alibaba.druid.filter.logging.Log4j2Filter 142 resultSetLog - {conn-10001, pstmt-20000, rs-50000} closed
[2020-10-19 19:35:46] DEBUG org.mybatis.logging.Logger 49 debug - Closing non transactional SqlSession [org.apache.ibatis.session.defaults.DefaultSqlSession@6c5ae8fd]
[2020-10-19 19:35:46] DEBUG org.springframework.test.context.cache.DefaultCacheAwareContextLoaderDelegate 137 loadContext - Retrieved ApplicationContext [590646109] from cache with key [[MergedContextConfiguration@1e800aaa testClass = testSpring, locations = '{classpath:spring.xml}', classes = '{}', contextInitializerClasses = '[]', activeProfiles = '{}', propertySourceLocations = '{}', propertySourceProperties = '{}', contextCustomizers = set[[empty]], contextLoader = 'org.springframework.test.context.support.DelegatingSmartContextLoader', parent = [null]]]
[2020-10-19 19:35:46] DEBUG org.springframework.test.context.cache.DefaultContextCache 290 logStatistics - Spring test ApplicationContext cache statistics: [DefaultContextCache@3dbb3fb7 size = 1, maxSize = 32, parentContextCount = 0, hitCount = 4, missCount = 1]
[2020-10-19 19:35:46] DEBUG org.springframework.test.context.cache.DefaultCacheAwareContextLoaderDelegate 137 loadContext - Retrieved ApplicationContext [590646109] from cache with key [[MergedContextConfiguration@1e800aaa testClass = testSpring, locations = '{classpath:spring.xml}', classes = '{}', contextInitializerClasses = '[]', activeProfiles = '{}', propertySourceLocations = '{}', propertySourceProperties = '{}', contextCustomizers = set[[empty]], contextLoader = 'org.springframework.test.context.support.DelegatingSmartContextLoader', parent = [null]]]
[2020-10-19 19:35:46] DEBUG org.springframework.test.context.cache.DefaultContextCache 290 logStatistics - Spring test ApplicationContext cache statistics: [DefaultContextCache@3dbb3fb7 size = 1, maxSize = 32, parentContextCount = 0, hitCount = 5, missCount = 1]
[2020-10-19 19:35:46] DEBUG org.springframework.test.context.support.AbstractDirtiesContextTestExecutionListener 107 beforeOrAfterTestMethod - After test method: context [DefaultTestContext@5bda8e08 testClass = testSpring, testInstance = com.service.impl.testSpring@198b6731, testMethod = select@testSpring, testException = [null], mergedContextConfiguration = [MergedContextConfiguration@1e800aaa testClass = testSpring, locations = '{classpath:spring.xml}', classes = '{}', contextInitializerClasses = '[]', activeProfiles = '{}', propertySourceLocations = '{}', propertySourceProperties = '{}', contextCustomizers = set[[empty]], contextLoader = 'org.springframework.test.context.support.DelegatingSmartContextLoader', parent = [null]], attributes = map[[empty]]], class annotated with @DirtiesContext [false] with mode [null], method annotated with @DirtiesContext [false] with mode [null].
[2020-10-19 19:35:46] DEBUG org.springframework.test.context.cache.DefaultCacheAwareContextLoaderDelegate 137 loadContext - Retrieved ApplicationContext [590646109] from cache with key [[MergedContextConfiguration@1e800aaa testClass = testSpring, locations = '{classpath:spring.xml}', classes = '{}', contextInitializerClasses = '[]', activeProfiles = '{}', propertySourceLocations = '{}', propertySourceProperties = '{}', contextCustomizers = set[[empty]], contextLoader = 'org.springframework.test.context.support.DelegatingSmartContextLoader', parent = [null]]]
[2020-10-19 19:35:46] DEBUG org.springframework.test.context.cache.DefaultContextCache 290 logStatistics - Spring test ApplicationContext cache statistics: [DefaultContextCache@3dbb3fb7 size = 1, maxSize = 32, parentContextCount = 0, hitCount = 6, missCount = 1]
[2020-10-19 19:35:46] DEBUG org.springframework.test.context.support.AbstractDirtiesContextTestExecutionListener 142 beforeOrAfterTestClass - After test class: context [DefaultTestContext@5bda8e08 testClass = testSpring, testInstance = [null], testMethod = [null], testException = [null], mergedContextConfiguration = [MergedContextConfiguration@1e800aaa testClass = testSpring, locations = '{classpath:spring.xml}', classes = '{}', contextInitializerClasses = '[]', activeProfiles = '{}', propertySourceLocations = '{}', propertySourceProperties = '{}', contextCustomizers = set[[empty]], contextLoader = 'org.springframework.test.context.support.DelegatingSmartContextLoader', parent = [null]], attributes = map[[empty]]], class annotated with @DirtiesContext [false] with mode [null].
